IP Head: 10.230.2.208:6379
Starting HEAD at thetagpu20

The following have been reloaded with a version change:
  1) openmpi/openmpi-4.0.5 => openmpi/openmpi-4.1.4_ucx-1.12.1_gcc-9.4.0

1 workers
Starting WORKER 1 at thetagpu01 with ip=10.230.2.189

The following have been reloaded with a version change:
  1) openmpi/openmpi-4.0.5 => openmpi/openmpi-4.1.4_ucx-1.12.1_gcc-9.4.0


The following have been reloaded with a version change:
  1) openmpi/openmpi-4.0.5 => openmpi/openmpi-4.1.4_ucx-1.12.1_gcc-9.4.0

Local node IP: 10.230.2.189
Usage stats collection is enabled. To disable this, add `--disable-usage-stats` to the command that starts the cluster, or run the following command: `ray disable-usage-stats` before starting the cluster. See https://docs.ray.io/en/master/cluster/usage-stats.html for more details.

Local node IP: 10.230.2.208
Traceback (most recent call last):
  File "/lus/theta-fs0/projects/AIASMAAR/build/dhenv/bin/ray", line 8, in <module>
    sys.exit(main())
  File "/lus/theta-fs0/projects/AIASMAAR/build/dhenv/lib/python3.8/site-packages/ray/scripts/scripts.py", line 2339, in main
    return cli()
  File "/lus/theta-fs0/projects/AIASMAAR/build/dhenv/lib/python3.8/site-packages/click/core.py", line 1128, in __call__
    return self.main(*args, **kwargs)
  File "/lus/theta-fs0/projects/AIASMAAR/build/dhenv/lib/python3.8/site-packages/click/core.py", line 1053, in main
    rv = self.invoke(ctx)
  File "/lus/theta-fs0/projects/AIASMAAR/build/dhenv/lib/python3.8/site-packages/click/core.py", line 1659, in invoke
    return _process_result(sub_ctx.command.invoke(sub_ctx))
  File "/lus/theta-fs0/projects/AIASMAAR/build/dhenv/lib/python3.8/site-packages/click/core.py", line 1395, in invoke
    return ctx.invoke(self.callback, **ctx.params)
  File "/lus/theta-fs0/projects/AIASMAAR/build/dhenv/lib/python3.8/site-packages/click/core.py", line 754, in invoke
    return __callback(*args, **kwargs)
  File "/lus/theta-fs0/projects/AIASMAAR/build/dhenv/lib/python3.8/site-packages/ray/scripts/scripts.py", line 1833, in status
    address = services.canonicalize_bootstrap_address(address)
  File "/lus/theta-fs0/projects/AIASMAAR/build/dhenv/lib/python3.8/site-packages/ray/_private/services.py", line 451, in canonicalize_bootstrap_address
    addr = get_ray_address_from_environment()
  File "/lus/theta-fs0/projects/AIASMAAR/build/dhenv/lib/python3.8/site-packages/ray/_private/services.py", line 358, in get_ray_address_from_environment
    addr = _find_gcs_address_or_die()
  File "/lus/theta-fs0/projects/AIASMAAR/build/dhenv/lib/python3.8/site-packages/ray/_private/services.py", line 340, in _find_gcs_address_or_die
    raise ConnectionError(
ConnectionError: Could not find any running Ray instance. Please specify the one to connect to by setting `--address` flag or `RAY_ADDRESS` environment variable.
[0m
The following have been reloaded with a version change:
  1) openmpi/openmpi-4.0.5 => openmpi/openmpi-4.1.4_ucx-1.12.1_gcc-9.4.0


--------------------
Ray runtime started.
--------------------

Next steps
  To connect to this Ray runtime from another node, run
    ray start --address='10.230.2.208:6379'
  
  Alternatively, use the following Python code:
    import ray
    ray.init(address='auto', _node_ip_address='10.230.2.208')
  
  To connect to this Ray runtime from outside of the cluster, for example to
  connect to a remote cluster from your laptop directly, use the following
  Python code:
    import ray
    ray.init(address='ray://<head_node_ip_address>:10001')
  
  If connection fails, check your firewall settings and network configuration.
  
  To terminate the Ray runtime, run
    ray stop

--block
  This command will now block until terminated by a signal.
  Running subprocesses are monitored and a message will be printed if any of them terminate unexpectedly.

--------------------
Ray runtime started.
--------------------

To terminate the Ray runtime, run
  ray stop

--block
  This command will now block until terminated by a signal.
  Running subprocesses are monitored and a message will be printed if any of them terminate unexpectedly.
[2022-07-21 21:37:03,605 I 624386 624386] global_state_accessor.cc:357: This node has an IP address of 127.0.1.1, while we can not found the matched Raylet address. This maybe come from when you connect the Ray cluster with a different IP address or connect a container.
[2m[36m(run pid=626276)[0m # params 340876, # conv layers 38
[2m[36m(run pid=626277)[0m # params 203509, # conv layers 38
[2m[36m(run pid=626275)[0m # params 33891, # conv layers 36
[2m[36m(run pid=626274)[0m # params 326430, # conv layers 36
[2m[36m(run pid=626273)[0m # params 602999, # conv layers 38
[2m[36m(run pid=626447)[0m # params 103201, # conv layers 36
[2m[36m(run pid=626496)[0m # params 451712, # conv layers 38
[2m[36m(run pid=626474)[0m # params 113484, # conv layers 34
[2m[36m(run pid=2630809)[0m # params 279040, # conv layers 44
[2m[36m(run pid=2630962)[0m # params 213076, # conv layers 38
[2m[36m(run pid=2630799)[0m # params 208164, # conv layers 40
[2m[36m(run pid=2630838)[0m # params 578317, # conv layers 42
[2m[36m(run pid=2630792)[0m # params 154484, # conv layers 40
[2m[36m(run pid=2630858)[0m # params 765736, # conv layers 46
[2m[36m(run pid=2630798)[0m # params 346634, # conv layers 40
[2m[36m(run pid=2630844)[0m # params 107602, # conv layers 44
[2m[36m(run pid=626447)[0m E0721 21:40:37.187159057  626554 chttp2_transport.cc:1103]   Received a GOAWAY with error code ENHANCE_YOUR_CALM and debug data equal to "too_many_pings"
[2m[36m(run pid=740087)[0m # params 52346, # conv layers 42
[2m[36m(run pid=626275)[0m E0721 21:40:43.807686980  626453 chttp2_transport.cc:1103]   Received a GOAWAY with error code ENHANCE_YOUR_CALM and debug data equal to "too_many_pings"
[2m[36m(run pid=745184)[0m # params 103231, # conv layers 36
[2m[36m(run pid=626474)[0m E0721 21:40:52.738420663  626580 chttp2_transport.cc:1103]   Received a GOAWAY with error code ENHANCE_YOUR_CALM and debug data equal to "too_many_pings"
[2m[36m(run pid=626277)[0m E0721 21:40:53.159148749  626451 chttp2_transport.cc:1103]   Received a GOAWAY with error code ENHANCE_YOUR_CALM and debug data equal to "too_many_pings"
[2m[36m(run pid=751360)[0m # params 265059, # conv layers 42
[2m[36m(run pid=751411)[0m # params 546340, # conv layers 38
[2m[36m(run pid=751702)[0m # params 590836, # conv layers 42
[2m[36m(run pid=626496)[0m E0721 21:41:17.591511280  626593 chttp2_transport.cc:1103]   Received a GOAWAY with error code ENHANCE_YOUR_CALM and debug data equal to "too_many_pings"
[2m[36m(run pid=767861)[0m # params 288502, # conv layers 38
[2m[36m(run pid=768558)[0m # params 239516, # conv layers 40
[2m[36m(run pid=2630798)[0m E0721 21:41:22.755283198 2630996 chttp2_transport.cc:1103]   Received a GOAWAY with error code ENHANCE_YOUR_CALM and debug data equal to "too_many_pings"
[2m[36m(run pid=774329)[0m # params 767668, # conv layers 38
[2m[36m(run pid=2745974)[0m # params 323194, # conv layers 42
[2m[36m(run pid=2630809)[0m E0721 21:41:34.802121570 2631009 chttp2_transport.cc:1103]   Received a GOAWAY with error code ENHANCE_YOUR_CALM and debug data equal to "too_many_pings"
[2m[36m(run pid=2753224)[0m # params 275292, # conv layers 38
[2m[36m(run pid=2630858)[0m E0721 21:41:44.329716189 2631054 chttp2_transport.cc:1103]   Received a GOAWAY with error code ENHANCE_YOUR_CALM and debug data equal to "too_many_pings"
[2m[36m(run pid=2630792)[0m E0721 21:41:44.796789762 2630990 chttp2_transport.cc:1103]   Received a GOAWAY with error code ENHANCE_YOUR_CALM and debug data equal to "too_many_pings"
[2m[36m(run pid=2758741)[0m # params 832664, # conv layers 46
[2m[36m(run pid=2758935)[0m # params 852728, # conv layers 46
[2m[36m(run pid=2630962)[0m E0721 21:41:47.712448649 2631086 chttp2_transport.cc:1103]   Received a GOAWAY with error code ENHANCE_YOUR_CALM and debug data equal to "too_many_pings"
[2m[36m(run pid=2761969)[0m # params 103422, # conv layers 42
[2m[36m(run pid=2630799)[0m E0721 21:42:00.368996025 2630964 chttp2_transport.cc:1103]   Received a GOAWAY with error code ENHANCE_YOUR_CALM and debug data equal to "too_many_pings"
[2m[36m(run pid=2771147)[0m # params 291334, # conv layers 44
[2m[36m(run pid=2630844)[0m E0721 21:42:05.650599171 2631019 chttp2_transport.cc:1103]   Received a GOAWAY with error code ENHANCE_YOUR_CALM and debug data equal to "too_many_pings"
[2m[36m(run pid=2775358)[0m # params 139264, # conv layers 40
[2m[36m(run pid=2630838)[0m E0721 21:42:08.713318111 2631043 chttp2_transport.cc:1103]   Received a GOAWAY with error code ENHANCE_YOUR_CALM and debug data equal to "too_many_pings"
[2m[36m(run pid=2776260)[0m # params 111138, # conv layers 40
[2m[36m(run pid=740087)[0m E0721 21:43:54.437808771  740406 chttp2_transport.cc:1103]   Received a GOAWAY with error code ENHANCE_YOUR_CALM and debug data equal to "too_many_pings"
[2m[36m(run pid=837529)[0m # params 247279, # conv layers 40
[2m[36m(run pid=745184)[0m E0721 21:44:30.258528138  745473 chttp2_transport.cc:1103]   Received a GOAWAY with error code ENHANCE_YOUR_CALM and debug data equal to "too_many_pings"
[2m[36m(run pid=853352)[0m # params 197077, # conv layers 38
[2m[36m(run pid=751360)[0m E0721 21:45:07.374895929  751613 chttp2_transport.cc:1103]   Received a GOAWAY with error code ENHANCE_YOUR_CALM and debug data equal to "too_many_pings"
[2m[36m(run pid=869826)[0m # params 243865, # conv layers 40
[2m[36m(run pid=2761969)[0m E0721 21:45:24.699788844 2764513 chttp2_transport.cc:1103]   Received a GOAWAY with error code ENHANCE_YOUR_CALM and debug data equal to "too_many_pings"
[2m[36m(run pid=2855106)[0m # params 796266, # conv layers 46
[2m[36m(run pid=2745974)[0m E0721 21:45:36.276678308 2746246 chttp2_transport.cc:1103]   Received a GOAWAY with error code ENHANCE_YOUR_CALM and debug data equal to "too_many_pings"
[2m[36m(run pid=2861645)[0m # params 1014663, # conv layers 42
[2m[36m(run pid=768558)[0m E0721 21:45:38.340359190  768824 chttp2_transport.cc:1103]   Received a GOAWAY with error code ENHANCE_YOUR_CALM and debug data equal to "too_many_pings"
[2m[36m(run pid=883598)[0m # params 314800, # conv layers 38
[2m[36m(run pid=751702)[0m E0721 21:46:01.708147859  751933 chttp2_transport.cc:1103]   Received a GOAWAY with error code ENHANCE_YOUR_CALM and debug data equal to "too_many_pings"
[2m[36m(run pid=894222)[0m # params 720363, # conv layers 42
[2m[36m(run pid=751411)[0m E0721 21:46:02.900810110  751719 chttp2_transport.cc:1103]   Received a GOAWAY with error code ENHANCE_YOUR_CALM and debug data equal to "too_many_pings"
[2m[36m(run pid=894490)[0m # params 276196, # conv layers 40
[2m[36m(run pid=767861)[0m E0721 21:46:10.960763054  768187 chttp2_transport.cc:1103]   Received a GOAWAY with error code ENHANCE_YOUR_CALM and debug data equal to "too_many_pings"
[2m[36m(run pid=901985)[0m # params 945678, # conv layers 42
[2m[36m(run pid=774329)[0m E0721 21:46:14.062999387  774548 chttp2_transport.cc:1103]   Received a GOAWAY with error code ENHANCE_YOUR_CALM and debug data equal to "too_many_pings"
[2m[36m(run pid=903650)[0m # params 627844, # conv layers 40
[2m[36m(run pid=2753224)[0m E0721 21:46:27.515522027 2753466 chttp2_transport.cc:1103]   Received a GOAWAY with error code ENHANCE_YOUR_CALM and debug data equal to "too_many_pings"
[2m[36m(run pid=2882356)[0m # params 247077, # conv layers 42
[2m[36m(run pid=2776260)[0m E0721 21:46:39.044604093 2778880 chttp2_transport.cc:1103]   Received a GOAWAY with error code ENHANCE_YOUR_CALM and debug data equal to "too_many_pings"
[2m[36m(run pid=2889072)[0m # params 650120, # conv layers 42
[2m[36m(run pid=2758935)[0m E0721 21:46:39.762022321 2759187 chttp2_transport.cc:1103]   Received a GOAWAY with error code ENHANCE_YOUR_CALM and debug data equal to "too_many_pings"
[2m[36m(run pid=2889295)[0m # params 592568, # conv layers 40
[2m[36m(run pid=2771147)[0m E0721 21:46:49.684697145 2771451 chttp2_transport.cc:1103]   Received a GOAWAY with error code ENHANCE_YOUR_CALM and debug data equal to "too_many_pings"
[2m[36m(run pid=2897152)[0m # params 275410, # conv layers 40
[2m[36m(run pid=2775358)[0m E0721 21:46:54.314513614 2775625 chttp2_transport.cc:1103]   Received a GOAWAY with error code ENHANCE_YOUR_CALM and debug data equal to "too_many_pings"
[2m[36m(run pid=2900846)[0m # params 188740, # conv layers 42
[2m[36m(run pid=2758741)[0m E0721 21:46:54.820051216 2758995 chttp2_transport.cc:1103]   Received a GOAWAY with error code ENHANCE_YOUR_CALM and debug data equal to "too_many_pings"
[2m[36m(run pid=2901017)[0m # params 291855, # conv layers 40
[2m[36m(run pid=837529)[0m E0721 21:48:04.128831727  837815 chttp2_transport.cc:1103]   Received a GOAWAY with error code ENHANCE_YOUR_CALM and debug data equal to "too_many_pings"
[2m[36m(run pid=946136)[0m # params 260062, # conv layers 44
[2m[36m(run pid=853352)[0m E0721 21:48:54.501406439  853673 chttp2_transport.cc:1103]   Received a GOAWAY with error code ENHANCE_YOUR_CALM and debug data equal to "too_many_pings"
[2m[36m(run pid=966579)[0m # params 498045, # conv layers 38
[2m[36m(run pid=869826)[0m E0721 21:49:36.523714631  870071 chttp2_transport.cc:1103]   Received a GOAWAY with error code ENHANCE_YOUR_CALM and debug data equal to "too_many_pings"
[2m[36m(run pid=2855106)[0m E0721 21:49:36.942080556 2855330 chttp2_transport.cc:1103]   Received a GOAWAY with error code ENHANCE_YOUR_CALM and debug data equal to "too_many_pings"
[2m[36m(run pid=983140)[0m # params 220413, # conv layers 38
[2m[36m(run pid=2962978)[0m # params 736113, # conv layers 38
[2m[36m(run pid=2882356)[0m E0721 21:49:40.442157882 2882608 chttp2_transport.cc:1103]   Received a GOAWAY with error code ENHANCE_YOUR_CALM and debug data equal to "too_many_pings"
[2m[36m(run pid=2966478)[0m # params 200347, # conv layers 38
[2m[36m(run pid=2861645)[0m E0721 21:50:19.031019753 2861923 chttp2_transport.cc:1103]   Received a GOAWAY with error code ENHANCE_YOUR_CALM and debug data equal to "too_many_pings"
[2m[36m(run pid=2981632)[0m # params 955375, # conv layers 42
[2m[36m(run pid=883598)[0m E0721 21:50:46.434076614  883835 chttp2_transport.cc:1103]   Received a GOAWAY with error code ENHANCE_YOUR_CALM and debug data equal to "too_many_pings"
[2m[36m(run pid=1009631)[0m # params 311512, # conv layers 38
[2m[36m(run pid=894490)[0m E0721 21:50:53.268478362  894930 chttp2_transport.cc:1103]   Received a GOAWAY with error code ENHANCE_YOUR_CALM and debug data equal to "too_many_pings"
[2m[36m(run pid=1014002)[0m # params 808053, # conv layers 40
[2m[36m(run pid=894222)[0m E0721 21:51:17.637875384  894474 chttp2_transport.cc:1103]   Received a GOAWAY with error code ENHANCE_YOUR_CALM and debug data equal to "too_many_pings"
[2m[36m(run pid=1024432)[0m # params 295280, # conv layers 40
[2m[36m(run pid=903650)[0m E0721 21:51:35.036293056  905457 chttp2_transport.cc:1103]   Received a GOAWAY with error code ENHANCE_YOUR_CALM and debug data equal to "too_many_pings"
[2m[36m(run pid=1032366)[0m # params 776172, # conv layers 42
[2m[36m(run pid=2901017)[0m E0721 21:51:36.059618507 2901260 chttp2_transport.cc:1103]   Received a GOAWAY with error code ENHANCE_YOUR_CALM and debug data equal to "too_many_pings"
[2m[36m(run pid=3009976)[0m # params 860206, # conv layers 40
[2m[36m(run pid=901985)[0m E0721 21:52:09.941055667  902242 chttp2_transport.cc:1103]   Received a GOAWAY with error code ENHANCE_YOUR_CALM and debug data equal to "too_many_pings"
[2m[36m(run pid=1046225)[0m # params 819431, # conv layers 40
[2m[36m(run pid=2897152)[0m E0721 21:52:18.583055630 2897430 chttp2_transport.cc:1103]   Received a GOAWAY with error code ENHANCE_YOUR_CALM and debug data equal to "too_many_pings"
[2m[36m(run pid=3026961)[0m # params 465506, # conv layers 40
[2m[36m(run pid=2900846)[0m E0721 21:52:22.504119950 2901035 chttp2_transport.cc:1103]   Received a GOAWAY with error code ENHANCE_YOUR_CALM and debug data equal to "too_many_pings"
[2m[36m(run pid=3030434)[0m # params 807049, # conv layers 38
[2m[36m(run pid=946136)[0m E0721 21:52:28.745997485  946343 chttp2_transport.cc:1103]   Received a GOAWAY with error code ENHANCE_YOUR_CALM and debug data equal to "too_many_pings"
[2m[36m(run pid=1054505)[0m # params 666416, # conv layers 42
[2m[36m(run pid=2889295)[0m E0721 21:52:35.439108944 2889546 chttp2_transport.cc:1103]   Received a GOAWAY with error code ENHANCE_YOUR_CALM and debug data equal to "too_many_pings"
[2m[36m(run pid=3036874)[0m # params 1008333, # conv layers 42
[2m[36m(run pid=2889072)[0m E0721 21:52:38.377537882 2889316 chttp2_transport.cc:1103]   Received a GOAWAY with error code ENHANCE_YOUR_CALM and debug data equal to "too_many_pings"
[2m[36m(run pid=3040036)[0m # params 937495, # conv layers 40
[2m[36m(run pid=2966478)[0m E0721 21:53:32.338777457 2966701 chttp2_transport.cc:1103]   Received a GOAWAY with error code ENHANCE_YOUR_CALM and debug data equal to "too_many_pings"
[2m[36m(run pid=3062720)[0m # params 363698, # conv layers 40
[2m[36m(run pid=966579)[0m E0721 21:53:42.888537265  966849 chttp2_transport.cc:1103]   Received a GOAWAY with error code ENHANCE_YOUR_CALM and debug data equal to "too_many_pings"
[2m[36m(run pid=1082528)[0m # params 860254, # conv layers 42
[2m[36m(run pid=2962978)[0m E0721 21:53:51.437328392 2963315 chttp2_transport.cc:1103]   Received a GOAWAY with error code ENHANCE_YOUR_CALM and debug data equal to "too_many_pings"
[2m[36m(run pid=3072154)[0m # params 747395, # conv layers 42
[2m[36m(run pid=983140)[0m E0721 21:54:09.220009138  983608 chttp2_transport.cc:1103]   Received a GOAWAY with error code ENHANCE_YOUR_CALM and debug data equal to "too_many_pings"
[2m[36m(run pid=1093323)[0m # params 788209, # conv layers 42
[2m[36m(run pid=2981632)[0m E0721 21:54:52.078936166 2981820 chttp2_transport.cc:1103]   Received a GOAWAY with error code ENHANCE_YOUR_CALM and debug data equal to "too_many_pings"
[2m[36m(run pid=3096983)[0m # params 618972, # conv layers 42
[2m[36m(run pid=1009631)[0m E0721 21:55:20.624195281 1009947 chttp2_transport.cc:1103]   Received a GOAWAY with error code ENHANCE_YOUR_CALM and debug data equal to "too_many_pings"
[2m[36m(run pid=1120047)[0m # params 870797, # conv layers 42
[2m[36m(run pid=1014002)[0m E0721 21:56:21.187644430 1014251 chttp2_transport.cc:1103]   Received a GOAWAY with error code ENHANCE_YOUR_CALM and debug data equal to "too_many_pings"
[2m[36m(run pid=1142336)[0m # params 759260, # conv layers 42
[2m[36m(run pid=3009976)[0m E0721 21:56:25.710491835 3010308 chttp2_transport.cc:1103]   Received a GOAWAY with error code ENHANCE_YOUR_CALM and debug data equal to "too_many_pings"
[2m[36m(run pid=3133073)[0m # params 850752, # conv layers 40
[2m[36m(run pid=1024432)[0m E0721 21:56:31.635475379 1024685 chttp2_transport.cc:1103]   Received a GOAWAY with error code ENHANCE_YOUR_CALM and debug data equal to "too_many_pings"
[2m[36m(run pid=1147740)[0m # params 551574, # conv layers 40
[2m[36m(run pid=3040036)[0m E0721 21:56:58.601793865 3040649 chttp2_transport.cc:1103]   Received a GOAWAY with error code ENHANCE_YOUR_CALM and debug data equal to "too_many_pings"
[2m[36m(run pid=3147068)[0m # params 854278, # conv layers 42
[2m[36m(run pid=1032366)[0m E0721 21:57:01.625650961 1032611 chttp2_transport.cc:1103]   Received a GOAWAY with error code ENHANCE_YOUR_CALM and debug data equal to "too_many_pings"
[2m[36m(run pid=1160100)[0m # params 916197, # conv layers 42
[2m[36m(run pid=1054505)[0m E0721 21:57:03.235630082 1054747 chttp2_transport.cc:1103]   Received a GOAWAY with error code ENHANCE_YOUR_CALM and debug data equal to "too_many_pings"
[2m[36m(run pid=1160595)[0m # params 706414, # conv layers 42
[2m[36m(run pid=3036874)[0m E0721 21:57:12.713813301 3037152 chttp2_transport.cc:1103]   Received a GOAWAY with error code ENHANCE_YOUR_CALM and debug data equal to "too_many_pings"
[2m[36m(run pid=3154029)[0m # params 962923, # conv layers 42
[2m[36m(run pid=3026961)[0m E0721 21:57:28.283556286 3027192 chttp2_transport.cc:1103]   Received a GOAWAY with error code ENHANCE_YOUR_CALM and debug data equal to "too_many_pings"
[2m[36m(run pid=3161401)[0m # params 608202, # conv layers 42
[2m[36m(run pid=3062720)[0m E0721 21:57:43.545230099 3062998 chttp2_transport.cc:1103]   Received a GOAWAY with error code ENHANCE_YOUR_CALM and debug data equal to "too_many_pings"
[2m[36m(run pid=3168817)[0m # params 706509, # conv layers 42
[2m[36m(run pid=1046225)[0m E0721 21:57:44.551780271 1046468 chttp2_transport.cc:1103]   Received a GOAWAY with error code ENHANCE_YOUR_CALM and debug data equal to "too_many_pings"
[2m[36m(run pid=3030434)[0m E0721 21:57:44.564100579 3030630 chttp2_transport.cc:1103]   Received a GOAWAY with error code ENHANCE_YOUR_CALM and debug data equal to "too_many_pings"
[2m[36m(run pid=3169177)[0m # params 838332, # conv layers 40
[2m[36m(run pid=1178191)[0m # params 761043, # conv layers 38
[2m[36m(run pid=3072154)[0m E0721 21:58:36.682978087 3072466 chttp2_transport.cc:1103]   Received a GOAWAY with error code ENHANCE_YOUR_CALM and debug data equal to "too_many_pings"
[2m[36m(run pid=3190046)[0m # params 718038, # conv layers 40
[2m[36m(run pid=1093323)[0m E0721 21:59:14.989922690 1093580 chttp2_transport.cc:1103]   Received a GOAWAY with error code ENHANCE_YOUR_CALM and debug data equal to "too_many_pings"
[2m[36m(run pid=1210171)[0m # params 755463, # conv layers 42
[2m[36m(run pid=1082528)[0m E0721 21:59:33.279927182 1082788 chttp2_transport.cc:1103]   Received a GOAWAY with error code ENHANCE_YOUR_CALM and debug data equal to "too_many_pings"
[2m[36m(run pid=1217931)[0m # params 746580, # conv layers 42
[2m[36m(run pid=3096983)[0m E0721 22:00:00.492005519 3097312 chttp2_transport.cc:1103]   Received a GOAWAY with error code ENHANCE_YOUR_CALM and debug data equal to "too_many_pings"
[2m[36m(run pid=3220657)[0m # params 1040723, # conv layers 46
[2m[36m(run pid=1142336)[0m E0721 22:00:25.726977600 1142534 chttp2_transport.cc:1103]   Received a GOAWAY with error code ENHANCE_YOUR_CALM and debug data equal to "too_many_pings"
[2m[36m(run pid=1237010)[0m # params 667310, # conv layers 44
[2m[36m(run pid=1256717)[0m # params 907403, # conv layers 42
[2m[36m(run pid=1210171)[0m E0721 22:01:25.162829267 1210339 chttp2_transport.cc:1103]   Received a GOAWAY with error code ENHANCE_YOUR_CALM and debug data equal to "too_many_pings"
[2m[36m(run pid=3147068)[0m E0721 22:01:58.051286762 3147320 chttp2_transport.cc:1103]   Received a GOAWAY with error code ENHANCE_YOUR_CALM and debug data equal to "too_many_pings"
[2m[36m(run pid=3264344)[0m # params 791673, # conv layers 44
[2m[36m(run pid=3133073)[0m E0721 22:02:02.412809659 3133338 chttp2_transport.cc:1103]   Received a GOAWAY with error code ENHANCE_YOUR_CALM and debug data equal to "too_many_pings"
[2m[36m(run pid=3268006)[0m # params 917593, # conv layers 42
[2m[36m(run pid=3168817)[0m E0721 22:02:13.789222391 3169057 chttp2_transport.cc:1103]   Received a GOAWAY with error code ENHANCE_YOUR_CALM and debug data equal to "too_many_pings"
[2m[36m(run pid=3274055)[0m # params 330484, # conv layers 40
[2m[36m(run pid=3154029)[0m E0721 22:02:25.166008347 3154420 chttp2_transport.cc:1103]   Received a GOAWAY with error code ENHANCE_YOUR_CALM and debug data equal to "too_many_pings"
[2m[36m(run pid=3280205)[0m # params 961748, # conv layers 44
[2m[36m(run pid=1147740)[0m E0721 22:02:38.966232421 1148008 chttp2_transport.cc:1103]   Received a GOAWAY with error code ENHANCE_YOUR_CALM and debug data equal to "too_many_pings"
[2m[36m(run pid=1287259)[0m # params 460585, # conv layers 40
[2m[36m(run pid=1160595)[0m E0721 22:02:44.757542640 1160842 chttp2_transport.cc:1103]   Received a GOAWAY with error code ENHANCE_YOUR_CALM and debug data equal to "too_many_pings"
[2m[36m(run pid=1291888)[0m # params 955375, # conv layers 42
[2m[36m(run pid=3161401)[0m E0721 22:02:54.704695374 3161642 chttp2_transport.cc:1103]   Received a GOAWAY with error code ENHANCE_YOUR_CALM and debug data equal to "too_many_pings"
[2m[36m(run pid=3293268)[0m # params 646165, # conv layers 38
[2m[36m(run pid=3190046)[0m E0721 22:03:01.762922640 3190274 chttp2_transport.cc:1103]   Received a GOAWAY with error code ENHANCE_YOUR_CALM and debug data equal to "too_many_pings"
[2m[36m(run pid=3297856)[0m # params 239872, # conv layers 40
[2m[36m(run pid=1160100)[0m E0721 22:03:18.334599564 1160357 chttp2_transport.cc:1103]   Received a GOAWAY with error code ENHANCE_YOUR_CALM and debug data equal to "too_many_pings"
[2m[36m(run pid=1307371)[0m # params 656130, # conv layers 40
[2m[36m(run pid=3169177)[0m E0721 22:03:19.308428942 3169405 chttp2_transport.cc:1103]   Received a GOAWAY with error code ENHANCE_YOUR_CALM and debug data equal to "too_many_pings"
[2m[36m(run pid=3306012)[0m # params 920297, # conv layers 40
[2m[36m(run pid=1178191)[0m E0721 22:03:20.873355995 1178398 chttp2_transport.cc:1103]   Received a GOAWAY with error code ENHANCE_YOUR_CALM and debug data equal to "too_many_pings"
[2m[36m(run pid=1308210)[0m # params 724136, # conv layers 40
[2m[36m(run pid=1337108)[0m # params 773140, # conv layers 42
[2m[36m(run pid=1217931)[0m E0721 22:04:49.628011431 1218135 chttp2_transport.cc:1103]   Received a GOAWAY with error code ENHANCE_YOUR_CALM and debug data equal to "too_many_pings"
[2m[36m(run pid=1349931)[0m # params 309635, # conv layers 44
[2m[36m(run pid=3220657)[0m E0721 22:05:12.124082417 3220844 chttp2_transport.cc:1103]   Received a GOAWAY with error code ENHANCE_YOUR_CALM and debug data equal to "too_many_pings"
[2m[36m(run pid=3348899)[0m # params 763528, # conv layers 40
[2m[36m(run pid=1237010)[0m E0721 22:05:23.215926790 1237210 chttp2_transport.cc:1103]   Received a GOAWAY with error code ENHANCE_YOUR_CALM and debug data equal to "too_many_pings"
[2m[36m(run pid=1363973)[0m # params 713513, # conv layers 42
[2m[36m(run pid=1256717)[0m E0721 22:06:37.797812644 1256923 chttp2_transport.cc:1103]   Received a GOAWAY with error code ENHANCE_YOUR_CALM and debug data equal to "too_many_pings"
[2m[36m(run pid=1393001)[0m # params 453124, # conv layers 40
[2m[36m(run pid=3268006)[0m E0721 22:06:40.284174963 3268216 chttp2_transport.cc:1103]   Received a GOAWAY with error code ENHANCE_YOUR_CALM and debug data equal to "too_many_pings"
[2m[36m(run pid=3383029)[0m # params 531928, # conv layers 42
[2m[36m(run pid=3264344)[0m E0721 22:06:56.163098090 3264575 chttp2_transport.cc:1103]   Received a GOAWAY with error code ENHANCE_YOUR_CALM and debug data equal to "too_many_pings"
[2m[36m(run pid=3391192)[0m # params 883242, # conv layers 40
[2m[36m(run pid=3274055)[0m E0721 22:07:01.028268522 3274285 chttp2_transport.cc:1103]   Received a GOAWAY with error code ENHANCE_YOUR_CALM and debug data equal to "too_many_pings"
[2m[36m(run pid=3394977)[0m # params 616541, # conv layers 42
[2m[36m(run pid=1287259)[0m E0721 22:07:17.624135736 1287556 chttp2_transport.cc:1103]   Received a GOAWAY with error code ENHANCE_YOUR_CALM and debug data equal to "too_many_pings"
[2m[36m(run pid=1409590)[0m # params 545897, # conv layers 42
[2m[36m(run pid=3297856)[0m E0721 22:07:46.974625409 3298083 chttp2_transport.cc:1103]   Received a GOAWAY with error code ENHANCE_YOUR_CALM and debug data equal to "too_many_pings"
[2m[36m(run pid=3413662)[0m # params 891562, # conv layers 42
[2m[36m(run pid=3293268)[0m E0721 22:08:00.715678983 3293525 chttp2_transport.cc:1103]   Received a GOAWAY with error code ENHANCE_YOUR_CALM and debug data equal to "too_many_pings"
[2m[36m(run pid=3420595)[0m # params 1058963, # conv layers 44
[2m[36m(run pid=3280205)[0m E0721 22:08:13.512428336 3280458 chttp2_transport.cc:1103]   Received a GOAWAY with error code ENHANCE_YOUR_CALM and debug data equal to "too_many_pings"
[2m[36m(run pid=3427170)[0m # params 1037578, # conv layers 44
[2m[36m(run pid=1308210)[0m E0721 22:08:21.820974040 1309507 chttp2_transport.cc:1103]   Received a GOAWAY with error code ENHANCE_YOUR_CALM and debug data equal to "too_many_pings"
[2m[36m(run pid=1435116)[0m # params 526086, # conv layers 42
[2m[36m(run pid=1349931)[0m E0721 22:08:22.817086834 1350206 chttp2_transport.cc:1103]   Received a GOAWAY with error code ENHANCE_YOUR_CALM and debug data equal to "too_many_pings"
[2m[36m(run pid=1435437)[0m # params 1039070, # conv layers 44
[2m[36m(run pid=3306012)[0m E0721 22:08:36.774575811 3306425 chttp2_transport.cc:1103]   Received a GOAWAY with error code ENHANCE_YOUR_CALM and debug data equal to "too_many_pings"
[2m[36m(run pid=3437251)[0m # params 587130, # conv layers 42
[2m[36m(run pid=1447392)[0m # params 840496, # conv layers 40
[2m[36m(run pid=1307371)[0m E0721 22:08:58.437435833 1307664 chttp2_transport.cc:1103]   Received a GOAWAY with error code ENHANCE_YOUR_CALM and debug data equal to "too_many_pings"
[2m[36m(run pid=1454920)[0m # params 1165020, # conv layers 44
[2m[36m(run pid=1337108)[0m E0721 22:09:00.948535860 1337341 chttp2_transport.cc:1103]   Received a GOAWAY with error code ENHANCE_YOUR_CALM and debug data equal to "too_many_pings"
[2m[36m(run pid=1455720)[0m # params 421015, # conv layers 42
[2m[36m(run pid=3348899)[0m E0721 22:09:08.064566252 3349178 chttp2_transport.cc:1103]   Received a GOAWAY with error code ENHANCE_YOUR_CALM and debug data equal to "too_many_pings"
[2m[36m(run pid=3450294)[0m # params 533533, # conv layers 42
[2m[36m(run pid=1363973)[0m E0721 22:10:00.884640966 1364333 chttp2_transport.cc:1103]   Received a GOAWAY with error code ENHANCE_YOUR_CALM and debug data equal to "too_many_pings"
[2m[36m(run pid=1480271)[0m # params 883703, # conv layers 42
[2m[36m(run pid=1503037)[0m # params 898712, # conv layers 42
[2m[36m(run pid=3394977)[0m E0721 22:11:18.628247720 3395177 chttp2_transport.cc:1103]   Received a GOAWAY with error code ENHANCE_YOUR_CALM and debug data equal to "too_many_pings"
[2m[36m(run pid=3495786)[0m # params 629857, # conv layers 42
[2m[36m(run pid=3391192)[0m E0721 22:12:05.429321120 3391424 chttp2_transport.cc:1103]   Received a GOAWAY with error code ENHANCE_YOUR_CALM and debug data equal to "too_many_pings"
[2m[36m(run pid=3513302)[0m # params 850206, # conv layers 42
[2m[36m(run pid=3383029)[0m E0721 22:12:12.797018738 3383309 chttp2_transport.cc:1103]   Received a GOAWAY with error code ENHANCE_YOUR_CALM and debug data equal to "too_many_pings"
[2m[36m(run pid=3517787)[0m # params 767002, # conv layers 42
[2m[36m(run pid=1409590)[0m E0721 22:12:55.152782057 1409808 chttp2_transport.cc:1103]   Received a GOAWAY with error code ENHANCE_YOUR_CALM and debug data equal to "too_many_pings"
[2m[36m(run pid=1540337)[0m # params 598553, # conv layers 42
[2m[36m(run pid=3437251)[0m E0721 22:13:22.140572874 3437542 chttp2_transport.cc:1103]   Received a GOAWAY with error code ENHANCE_YOUR_CALM and debug data equal to "too_many_pings"
[2m[36m(run pid=3543351)[0m # params 839288, # conv layers 40
[2m[36m(run pid=1435437)[0m E0721 22:13:49.151623314 1435639 chttp2_transport.cc:1103]   Received a GOAWAY with error code ENHANCE_YOUR_CALM and debug data equal to "too_many_pings"
[2m[36m(run pid=1560386)[0m # params 757114, # conv layers 42
[2m[36m(run pid=1435116)[0m E0721 22:13:51.642110358 1435347 chttp2_transport.cc:1103]   Received a GOAWAY with error code ENHANCE_YOUR_CALM and debug data equal to "too_many_pings"
[2m[36m(run pid=1561025)[0m # params 901421, # conv layers 42
[2m[36m(run pid=3413662)[0m E0721 22:13:55.295071350 3413917 chttp2_transport.cc:1103]   Received a GOAWAY with error code ENHANCE_YOUR_CALM and debug data equal to "too_many_pings"
[2m[36m(run pid=3556746)[0m # params 822011, # conv layers 42
[2m[36m(run pid=3450294)[0m E0721 22:13:59.860985160 3450547 chttp2_transport.cc:1103]   Received a GOAWAY with error code ENHANCE_YOUR_CALM and debug data equal to "too_many_pings"
[2m[36m(run pid=3560535)[0m # params 855873, # conv layers 42
[2m[36m(run pid=1447392)[0m E0721 22:14:04.123346101 1447621 chttp2_transport.cc:1103]   Received a GOAWAY with error code ENHANCE_YOUR_CALM and debug data equal to "too_many_pings"
[2m[36m(run pid=1569344)[0m # params 477933, # conv layers 44
[2m[36m(run pid=3565258)[0m # params 568919, # conv layers 44
[2m[36m(run pid=1455720)[0m E0721 22:14:14.259556455 1458237 chttp2_transport.cc:1103]   Received a GOAWAY with error code ENHANCE_YOUR_CALM and debug data equal to "too_many_pings"
[2m[36m(run pid=1574614)[0m # params 908611, # conv layers 42
[2m[36m(run pid=3420595)[0m E0721 22:14:15.985236165 3420874 chttp2_transport.cc:1103]   Received a GOAWAY with error code ENHANCE_YOUR_CALM and debug data equal to "too_many_pings"
[2m[36m(run pid=3570365)[0m # params 522453, # conv layers 38
[2m[36m(run pid=1599513)[0m # params 786520, # conv layers 40
[2m[36m(run pid=1603315)[0m # params 583273, # conv layers 42
[2m[36m(run pid=3495786)[0m E0721 22:16:07.624797740 3495980 chttp2_transport.cc:1103]   Received a GOAWAY with error code ENHANCE_YOUR_CALM and debug data equal to "too_many_pings"
[2m[36m(run pid=3611882)[0m # params 476406, # conv layers 42
[2m[36m(run pid=1503037)[0m E0721 22:16:14.036944100 1503282 chttp2_transport.cc:1103]   Received a GOAWAY with error code ENHANCE_YOUR_CALM and debug data equal to "too_many_pings"
[2m[36m(run pid=1619932)[0m # params 163483, # conv layers 42
[2m[36m(run pid=3517787)[0m E0721 22:17:06.888046474 3518046 chttp2_transport.cc:1103]   Received a GOAWAY with error code ENHANCE_YOUR_CALM and debug data equal to "too_many_pings"
[2m[36m(run pid=3634518)[0m # params 811618, # conv layers 42
[2m[36m(run pid=3513302)[0m E0721 22:17:35.514433358 3513498 chttp2_transport.cc:1103]   Received a GOAWAY with error code ENHANCE_YOUR_CALM and debug data equal to "too_many_pings"
[2m[36m(run pid=3646083)[0m # params 827029, # conv layers 42
[2m[36m(run pid=3543351)[0m E0721 22:18:01.978996742 3543575 chttp2_transport.cc:1103]   Received a GOAWAY with error code ENHANCE_YOUR_CALM and debug data equal to "too_many_pings"
[2m[36m(run pid=3657487)[0m # params 956017, # conv layers 42
[2m[36m(run pid=1619932)[0m E0721 22:18:24.131601924 1620131 chttp2_transport.cc:1103]   Received a GOAWAY with error code ENHANCE_YOUR_CALM and debug data equal to "too_many_pings"
[2m[36m(run pid=3556746)[0m E0721 22:18:40.371110582 3557025 chttp2_transport.cc:1103]   Received a GOAWAY with error code ENHANCE_YOUR_CALM and debug data equal to "too_many_pings"
[2m[36m(run pid=3672465)[0m # params 687108, # conv layers 42
[2m[36m(run pid=1569344)[0m E0721 22:19:11.567412136 1569575 chttp2_transport.cc:1103]   Received a GOAWAY with error code ENHANCE_YOUR_CALM and debug data equal to "too_many_pings"
[2m[36m(run pid=1684251)[0m # params 632870, # conv layers 40
[2m[36m(run pid=1687899)[0m # params 460517, # conv layers 42
[0mTotal of 2652 seconds elapsed for process

The following have been reloaded with a version change:
  1) openmpi/openmpi-4.0.5 => openmpi/openmpi-4.1.4_ucx-1.12.1_gcc-9.4.0


Some Ray subprcesses exited unexpectedly:
  gcs_server [exit code=0]
  ray_client_server [exit code=15]
  dashboard [exit code=15]
  raylet [exit code=0]
  log_monitor [exit code=-15]

Remaining processes will be killed.
1/7 stopped.2/7 stopped.3/7 stopped.4/7 stopped.5/7 stopped.6/7 stopped.[0m7/7 stopped.Stopped all 7 Ray processes.
[0m
Some Ray subprcesses exited unexpectedly:
  raylet [exit code=1]

Remaining processes will be killed.
[0m