IP Head: 10.230.2.210:6379
Starting HEAD at thetagpu22

The following have been reloaded with a version change:
  1) openmpi/openmpi-4.0.5 => openmpi/openmpi-4.1.4_ucx-1.12.1_gcc-9.4.0

1 workers
Starting WORKER 1 at thetagpu21 with ip=10.230.2.209

The following have been reloaded with a version change:
  1) openmpi/openmpi-4.0.5 => openmpi/openmpi-4.1.4_ucx-1.12.1_gcc-9.4.0


The following have been reloaded with a version change:
  1) openmpi/openmpi-4.0.5 => openmpi/openmpi-4.1.4_ucx-1.12.1_gcc-9.4.0

Local node IP: 10.230.2.209
Usage stats collection is enabled. To disable this, add `--disable-usage-stats` to the command that starts the cluster, or run the following command: `ray disable-usage-stats` before starting the cluster. See https://docs.ray.io/en/master/cluster/usage-stats.html for more details.

Local node IP: 10.230.2.210
Traceback (most recent call last):
  File "/lus/theta-fs0/projects/AIASMAAR/build/dhenv/bin/ray", line 8, in <module>
    sys.exit(main())
  File "/lus/theta-fs0/projects/AIASMAAR/build/dhenv/lib/python3.8/site-packages/ray/scripts/scripts.py", line 2339, in main
    return cli()
  File "/lus/theta-fs0/projects/AIASMAAR/build/dhenv/lib/python3.8/site-packages/click/core.py", line 1128, in __call__
    return self.main(*args, **kwargs)
  File "/lus/theta-fs0/projects/AIASMAAR/build/dhenv/lib/python3.8/site-packages/click/core.py", line 1053, in main
    rv = self.invoke(ctx)
  File "/lus/theta-fs0/projects/AIASMAAR/build/dhenv/lib/python3.8/site-packages/click/core.py", line 1659, in invoke
    return _process_result(sub_ctx.command.invoke(sub_ctx))
  File "/lus/theta-fs0/projects/AIASMAAR/build/dhenv/lib/python3.8/site-packages/click/core.py", line 1395, in invoke
    return ctx.invoke(self.callback, **ctx.params)
  File "/lus/theta-fs0/projects/AIASMAAR/build/dhenv/lib/python3.8/site-packages/click/core.py", line 754, in invoke
    return __callback(*args, **kwargs)
  File "/lus/theta-fs0/projects/AIASMAAR/build/dhenv/lib/python3.8/site-packages/ray/scripts/scripts.py", line 1833, in status
    address = services.canonicalize_bootstrap_address(address)
  File "/lus/theta-fs0/projects/AIASMAAR/build/dhenv/lib/python3.8/site-packages/ray/_private/services.py", line 451, in canonicalize_bootstrap_address
    addr = get_ray_address_from_environment()
  File "/lus/theta-fs0/projects/AIASMAAR/build/dhenv/lib/python3.8/site-packages/ray/_private/services.py", line 358, in get_ray_address_from_environment
    addr = _find_gcs_address_or_die()
  File "/lus/theta-fs0/projects/AIASMAAR/build/dhenv/lib/python3.8/site-packages/ray/_private/services.py", line 340, in _find_gcs_address_or_die
    raise ConnectionError(
ConnectionError: Could not find any running Ray instance. Please specify the one to connect to by setting `--address` flag or `RAY_ADDRESS` environment variable.
[0m
The following have been reloaded with a version change:
  1) openmpi/openmpi-4.0.5 => openmpi/openmpi-4.1.4_ucx-1.12.1_gcc-9.4.0


--------------------
Ray runtime started.
--------------------

Next steps
  To connect to this Ray runtime from another node, run
    ray start --address='10.230.2.210:6379'
  
  Alternatively, use the following Python code:
    import ray
    ray.init(address='auto', _node_ip_address='10.230.2.210')
  
  To connect to this Ray runtime from outside of the cluster, for example to
  connect to a remote cluster from your laptop directly, use the following
  Python code:
    import ray
    ray.init(address='ray://<head_node_ip_address>:10001')
  
  If connection fails, check your firewall settings and network configuration.
  
  To terminate the Ray runtime, run
    ray stop

--block
  This command will now block until terminated by a signal.
  Running subprocesses are monitored and a message will be printed if any of them terminate unexpectedly.

--------------------
Ray runtime started.
--------------------

To terminate the Ray runtime, run
  ray stop

--block
  This command will now block until terminated by a signal.
  Running subprocesses are monitored and a message will be printed if any of them terminate unexpectedly.
[2022-07-20 21:31:33,080 I 249895 249895] global_state_accessor.cc:357: This node has an IP address of 127.0.1.1, while we can not found the matched Raylet address. This maybe come from when you connect the Ray cluster with a different IP address or connect a container.
[2m[36m(run pid=251469)[0m # params 33891, # conv layers 36
[2m[36m(run pid=251464)[0m # params 340876, # conv layers 38
[2m[36m(run pid=251467)[0m # params 602999, # conv layers 38
[2m[36m(run pid=251465)[0m # params 203509, # conv layers 38
[2m[36m(run pid=251468)[0m # params 326430, # conv layers 36
[2m[36m(run pid=251635)[0m # params 346634, # conv layers 40
[2m[36m(run pid=251699)[0m # params 765736, # conv layers 46
[2m[36m(run pid=251725)[0m # params 213076, # conv layers 38
[2m[36m(run pid=289455)[0m # params 154484, # conv layers 40
[2m[36m(run pid=289475)[0m # params 451712, # conv layers 38
[2m[36m(run pid=289485)[0m # params 103201, # conv layers 36
[2m[36m(run pid=289473)[0m # params 279040, # conv layers 44
[2m[36m(run pid=289462)[0m # params 578317, # conv layers 42
[2m[36m(run pid=289450)[0m # params 107602, # conv layers 44
[2m[36m(run pid=289465)[0m # params 113484, # conv layers 34
[2m[36m(run pid=289430)[0m # params 208164, # conv layers 40
[2m[36m(run pid=289485)[0m E0720 21:33:45.481246524  289672 chttp2_transport.cc:1103]   Received a GOAWAY with error code ENHANCE_YOUR_CALM and debug data equal to "too_many_pings"
[2m[36m(run pid=251464)[0m E0720 21:35:03.918361063  251620 chttp2_transport.cc:1103]   Received a GOAWAY with error code ENHANCE_YOUR_CALM and debug data equal to "too_many_pings"
[2m[36m(run pid=359763)[0m # params 52346, # conv layers 42
[2m[36m(run pid=251469)[0m E0720 21:35:11.522798903  251611 chttp2_transport.cc:1103]   Received a GOAWAY with error code ENHANCE_YOUR_CALM and debug data equal to "too_many_pings"
[2m[36m(run pid=365064)[0m # params 103231, # conv layers 36
[2m[36m(run pid=251635)[0m E0720 21:35:22.930676808  251718 chttp2_transport.cc:1103]   Received a GOAWAY with error code ENHANCE_YOUR_CALM and debug data equal to "too_many_pings"
[2m[36m(run pid=372086)[0m # params 265059, # conv layers 42
[2m[36m(run pid=251465)[0m E0720 21:35:31.943620992  251604 chttp2_transport.cc:1103]   Received a GOAWAY with error code ENHANCE_YOUR_CALM and debug data equal to "too_many_pings"
[2m[36m(run pid=377974)[0m # params 546340, # conv layers 38
[2m[36m(run pid=251699)[0m E0720 21:35:47.191902191  251754 chttp2_transport.cc:1103]   Received a GOAWAY with error code ENHANCE_YOUR_CALM and debug data equal to "too_many_pings"
[2m[36m(run pid=386416)[0m # params 590836, # conv layers 42
[2m[36m(run pid=289473)[0m E0720 21:35:48.382560091  289673 chttp2_transport.cc:1103]   Received a GOAWAY with error code ENHANCE_YOUR_CALM and debug data equal to "too_many_pings"
[2m[36m(run pid=251468)[0m E0720 21:35:48.447901716  251634 chttp2_transport.cc:1103]   Received a GOAWAY with error code ENHANCE_YOUR_CALM and debug data equal to "too_many_pings"
[2m[36m(run pid=386799)[0m # params 288502, # conv layers 38
[2m[36m(run pid=419113)[0m # params 239516, # conv layers 40
[2m[36m(run pid=251467)[0m E0720 21:35:49.659390787  251623 chttp2_transport.cc:1103]   Received a GOAWAY with error code ENHANCE_YOUR_CALM and debug data equal to "too_many_pings"
[2m[36m(run pid=387181)[0m # params 767668, # conv layers 38
[2m[36m(run pid=387214)[0m # params 323194, # conv layers 42
[2m[36m(run pid=289455)[0m E0720 21:35:56.152380967  289650 chttp2_transport.cc:1103]   Received a GOAWAY with error code ENHANCE_YOUR_CALM and debug data equal to "too_many_pings"
[2m[36m(run pid=425016)[0m # params 16051, # conv layers 36
[2m[36m(run pid=289465)[0m E0720 21:35:59.667243595  289700 chttp2_transport.cc:1103]   Received a GOAWAY with error code ENHANCE_YOUR_CALM and debug data equal to "too_many_pings"
[2m[36m(run pid=428967)[0m # params 493926, # conv layers 38
[2m[36m(run pid=289475)[0m E0720 21:36:02.230669245  289710 chttp2_transport.cc:1103]   Received a GOAWAY with error code ENHANCE_YOUR_CALM and debug data equal to "too_many_pings"
[2m[36m(run pid=430130)[0m # params 592498, # conv layers 38
[2m[36m(run pid=432974)[0m # params 643758, # conv layers 38
[2m[36m(run pid=289450)[0m E0720 21:36:15.974419027  289698 chttp2_transport.cc:1103]   Received a GOAWAY with error code ENHANCE_YOUR_CALM and debug data equal to "too_many_pings"
[2m[36m(run pid=441884)[0m # params 474126, # conv layers 38
[2m[36m(run pid=289430)[0m E0720 21:36:16.575378411  289648 chttp2_transport.cc:1103]   Received a GOAWAY with error code ENHANCE_YOUR_CALM and debug data equal to "too_many_pings"
[2m[36m(run pid=442139)[0m # params 37170, # conv layers 40
[2m[36m(run pid=289462)[0m E0720 21:36:19.288400759  289702 chttp2_transport.cc:1103]   Received a GOAWAY with error code ENHANCE_YOUR_CALM and debug data equal to "too_many_pings"
[2m[36m(run pid=445349)[0m # params 542588, # conv layers 38
[2m[36m(run pid=441884)[0m E0720 21:38:25.970131770  442119 chttp2_transport.cc:1103]   Received a GOAWAY with error code ENHANCE_YOUR_CALM and debug data equal to "too_many_pings"
[2m[36m(run pid=359763)[0m E0720 21:38:51.836388805  360080 chttp2_transport.cc:1103]   Received a GOAWAY with error code ENHANCE_YOUR_CALM and debug data equal to "too_many_pings"
[2m[36m(run pid=465084)[0m # params 175791, # conv layers 38
[2m[36m(run pid=365064)[0m E0720 21:39:23.594605456  365381 chttp2_transport.cc:1103]   Received a GOAWAY with error code ENHANCE_YOUR_CALM and debug data equal to "too_many_pings"
[2m[36m(run pid=479283)[0m # params 22783, # conv layers 38
[2m[36m(run pid=419113)[0m E0720 21:39:40.292724084  419494 chttp2_transport.cc:1103]   Received a GOAWAY with error code ENHANCE_YOUR_CALM and debug data equal to "too_many_pings"
[2m[36m(run pid=530272)[0m # params 588836, # conv layers 38
[2m[36m(run pid=496672)[0m # params 509291, # conv layers 36
[2m[36m(run pid=387214)[0m E0720 21:40:05.892905366  389749 chttp2_transport.cc:1103]   Received a GOAWAY with error code ENHANCE_YOUR_CALM and debug data equal to "too_many_pings"
[2m[36m(run pid=386799)[0m E0720 21:40:06.403479516  387070 chttp2_transport.cc:1103]   Received a GOAWAY with error code ENHANCE_YOUR_CALM and debug data equal to "too_many_pings"
[2m[36m(run pid=500744)[0m # params 687838, # conv layers 40
[2m[36m(run pid=500935)[0m # params 543002, # conv layers 36
[2m[36m(run pid=425016)[0m E0720 21:40:29.640600899  425383 chttp2_transport.cc:1103]   Received a GOAWAY with error code ENHANCE_YOUR_CALM and debug data equal to "too_many_pings"
[2m[36m(run pid=553639)[0m # params 578855, # conv layers 36
[2m[36m(run pid=386416)[0m E0720 21:40:39.995545425  386689 chttp2_transport.cc:1103]   Received a GOAWAY with error code ENHANCE_YOUR_CALM and debug data equal to "too_many_pings"
[2m[36m(run pid=517905)[0m # params 548059, # conv layers 42
[2m[36m(run pid=372086)[0m E0720 21:40:43.267005290  372377 chttp2_transport.cc:1103]   Received a GOAWAY with error code ENHANCE_YOUR_CALM and debug data equal to "too_many_pings"
[2m[36m(run pid=377974)[0m E0720 21:40:43.999009613  378329 chttp2_transport.cc:1103]   Received a GOAWAY with error code ENHANCE_YOUR_CALM and debug data equal to "too_many_pings"
[2m[36m(run pid=521268)[0m # params 301259, # conv layers 40
[2m[36m(run pid=521511)[0m # params 624806, # conv layers 40
[2m[36m(run pid=430130)[0m E0720 21:40:53.365530429  432738 chttp2_transport.cc:1103]   Received a GOAWAY with error code ENHANCE_YOUR_CALM and debug data equal to "too_many_pings"
[2m[36m(run pid=565855)[0m # params 247077, # conv layers 42
[2m[36m(run pid=574487)[0m # params 181596, # conv layers 42
[2m[36m(run pid=428967)[0m E0720 21:41:23.676298783  429257 chttp2_transport.cc:1103]   Received a GOAWAY with error code ENHANCE_YOUR_CALM and debug data equal to "too_many_pings"
[2m[36m(run pid=582067)[0m # params 416255, # conv layers 40
[2m[36m(run pid=445349)[0m E0720 21:41:28.637259585  447894 chttp2_transport.cc:1103]   Received a GOAWAY with error code ENHANCE_YOUR_CALM and debug data equal to "too_many_pings"
[2m[36m(run pid=585875)[0m # params 311950, # conv layers 40
[2m[36m(run pid=442139)[0m E0720 21:41:57.944540305  442390 chttp2_transport.cc:1103]   Received a GOAWAY with error code ENHANCE_YOUR_CALM and debug data equal to "too_many_pings"
[2m[36m(run pid=597799)[0m # params 799826, # conv layers 40
[2m[36m(run pid=432974)[0m E0720 21:42:01.667668710  433188 chttp2_transport.cc:1103]   Received a GOAWAY with error code ENHANCE_YOUR_CALM and debug data equal to "too_many_pings"
[2m[36m(run pid=601265)[0m # params 506186, # conv layers 42
[2m[36m(run pid=465084)[0m E0720 21:42:58.295267487  465351 chttp2_transport.cc:1103]   Received a GOAWAY with error code ENHANCE_YOUR_CALM and debug data equal to "too_many_pings"
[2m[36m(run pid=577535)[0m # params 541004, # conv layers 40
[2m[36m(run pid=479283)[0m E0720 21:43:20.344860848  479535 chttp2_transport.cc:1103]   Received a GOAWAY with error code ENHANCE_YOUR_CALM and debug data equal to "too_many_pings"
[2m[36m(run pid=587789)[0m # params 420290, # conv layers 40
[2m[36m(run pid=530272)[0m E0720 21:44:22.962965772  530557 chttp2_transport.cc:1103]   Received a GOAWAY with error code ENHANCE_YOUR_CALM and debug data equal to "too_many_pings"
[2m[36m(run pid=653981)[0m # params 427096, # conv layers 42
[2m[36m(run pid=521268)[0m E0720 21:44:27.344222858  521532 chttp2_transport.cc:1103]   Received a GOAWAY with error code ENHANCE_YOUR_CALM and debug data equal to "too_many_pings"
[2m[36m(run pid=614294)[0m # params 727441, # conv layers 40
[2m[36m(run pid=553639)[0m E0720 21:44:45.081993147  554028 chttp2_transport.cc:1103]   Received a GOAWAY with error code ENHANCE_YOUR_CALM and debug data equal to "too_many_pings"
[2m[36m(run pid=663928)[0m # params 453328, # conv layers 36
[2m[36m(run pid=500935)[0m E0720 21:44:55.699255846  501278 chttp2_transport.cc:1103]   Received a GOAWAY with error code ENHANCE_YOUR_CALM and debug data equal to "too_many_pings"
[2m[36m(run pid=626767)[0m # params 457848, # conv layers 36
[2m[36m(run pid=521511)[0m E0720 21:44:59.587024499  521701 chttp2_transport.cc:1103]   Received a GOAWAY with error code ENHANCE_YOUR_CALM and debug data equal to "too_many_pings"
[2m[36m(run pid=630213)[0m # params 444419, # conv layers 36
[2m[36m(run pid=496672)[0m E0720 21:45:00.304596512  496886 chttp2_transport.cc:1103]   Received a GOAWAY with error code ENHANCE_YOUR_CALM and debug data equal to "too_many_pings"
[2m[36m(run pid=630408)[0m # params 272816, # conv layers 36
[2m[36m(run pid=500744)[0m E0720 21:45:27.782855069  500990 chttp2_transport.cc:1103]   Received a GOAWAY with error code ENHANCE_YOUR_CALM and debug data equal to "too_many_pings"
[2m[36m(run pid=643576)[0m # params 597509, # conv layers 36
[2m[36m(run pid=574487)[0m E0720 21:45:41.105879177  574718 chttp2_transport.cc:1103]   Received a GOAWAY with error code ENHANCE_YOUR_CALM and debug data equal to "too_many_pings"
[2m[36m(run pid=685531)[0m # params 533126, # conv layers 40
[2m[36m(run pid=517905)[0m E0720 21:45:52.528504823  518186 chttp2_transport.cc:1103]   Received a GOAWAY with error code ENHANCE_YOUR_CALM and debug data equal to "too_many_pings"
[2m[36m(run pid=653564)[0m # params 636478, # conv layers 36
[2m[36m(run pid=565855)[0m E0720 21:46:13.053744111  566119 chttp2_transport.cc:1103]   Received a GOAWAY with error code ENHANCE_YOUR_CALM and debug data equal to "too_many_pings"
[2m[36m(run pid=698565)[0m # params 662016, # conv layers 36
[2m[36m(run pid=601265)[0m E0720 21:46:18.378311545  601480 chttp2_transport.cc:1103]   Received a GOAWAY with error code ENHANCE_YOUR_CALM and debug data equal to "too_many_pings"
[2m[36m(run pid=702533)[0m # params 512615, # conv layers 36
[2m[36m(run pid=582067)[0m E0720 21:46:31.561529668  582221 chttp2_transport.cc:1103]   Received a GOAWAY with error code ENHANCE_YOUR_CALM and debug data equal to "too_many_pings"
[2m[36m(run pid=709177)[0m # params 813709, # conv layers 40
[2m[36m(run pid=585875)[0m E0720 21:46:35.632463164  586086 chttp2_transport.cc:1103]   Received a GOAWAY with error code ENHANCE_YOUR_CALM and debug data equal to "too_many_pings"
[2m[36m(run pid=712646)[0m # params 449658, # conv layers 36
[2m[36m(run pid=597799)[0m E0720 21:46:48.571726074  598072 chttp2_transport.cc:1103]   Received a GOAWAY with error code ENHANCE_YOUR_CALM and debug data equal to "too_many_pings"
[2m[36m(run pid=718992)[0m # params 584242, # conv layers 36
[2m[36m(run pid=577535)[0m E0720 21:47:13.358709294  577768 chttp2_transport.cc:1103]   Received a GOAWAY with error code ENHANCE_YOUR_CALM and debug data equal to "too_many_pings"
[2m[36m(run pid=682067)[0m # params 570670, # conv layers 36
[2m[36m(run pid=587789)[0m E0720 21:48:07.140799001  588024 chttp2_transport.cc:1103]   Received a GOAWAY with error code ENHANCE_YOUR_CALM and debug data equal to "too_many_pings"
[2m[36m(run pid=701628)[0m # params 683623, # conv layers 38
[2m[36m(run pid=653981)[0m E0720 21:48:56.067714932  654213 chttp2_transport.cc:1103]   Received a GOAWAY with error code ENHANCE_YOUR_CALM and debug data equal to "too_many_pings"
[2m[36m(run pid=764090)[0m # params 601018, # conv layers 36
[2m[36m(run pid=663928)[0m E0720 21:49:28.835958724  664182 chttp2_transport.cc:1103]   Received a GOAWAY with error code ENHANCE_YOUR_CALM and debug data equal to "too_many_pings"
[2m[36m(run pid=777430)[0m # params 631098, # conv layers 38
[2m[36m(run pid=739227)[0m # params 503168, # conv layers 38
[2m[36m(run pid=630213)[0m E0720 21:50:11.047141393  630382 chttp2_transport.cc:1103]   Received a GOAWAY with error code ENHANCE_YOUR_CALM and debug data equal to "too_many_pings"
[2m[36m(run pid=746340)[0m # params 626599, # conv layers 36
[2m[36m(run pid=751002)[0m # params 512530, # conv layers 38
[2m[36m(run pid=653564)[0m E0720 21:50:19.077267774  653816 chttp2_transport.cc:1103]   Received a GOAWAY with error code ENHANCE_YOUR_CALM and debug data equal to "too_many_pings"
[2m[36m(run pid=751209)[0m # params 772010, # conv layers 40
[2m[36m(run pid=685531)[0m E0720 21:50:19.827894407  685811 chttp2_transport.cc:1103]   Received a GOAWAY with error code ENHANCE_YOUR_CALM and debug data equal to "too_many_pings"
[2m[36m(run pid=797038)[0m # params 653995, # conv layers 40
[2m[36m(run pid=762020)[0m # params 670896, # conv layers 36
[2m[36m(run pid=643576)[0m E0720 21:50:57.084632514  643825 chttp2_transport.cc:1103]   Received a GOAWAY with error code ENHANCE_YOUR_CALM and debug data equal to "too_many_pings"
[2m[36m(run pid=770041)[0m # params 676619, # conv layers 36
[2m[36m(run pid=698565)[0m E0720 21:51:11.376996530  698797 chttp2_transport.cc:1103]   Received a GOAWAY with error code ENHANCE_YOUR_CALM and debug data equal to "too_many_pings"
[2m[36m(run pid=816468)[0m # params 403751, # conv layers 36
[2m[36m(run pid=682067)[0m E0720 21:51:19.793551392  682317 chttp2_transport.cc:1103]   Received a GOAWAY with error code ENHANCE_YOUR_CALM and debug data equal to "too_many_pings"
[2m[36m(run pid=779897)[0m # params 662016, # conv layers 36
[2m[36m(run pid=718992)[0m E0720 21:51:31.488527185  719264 chttp2_transport.cc:1103]   Received a GOAWAY with error code ENHANCE_YOUR_CALM and debug data equal to "too_many_pings"
[2m[36m(run pid=825693)[0m # params 449371, # conv layers 36
[2m[36m(run pid=702533)[0m E0720 21:51:42.830700415  702864 chttp2_transport.cc:1103]   Received a GOAWAY with error code ENHANCE_YOUR_CALM and debug data equal to "too_many_pings"
[2m[36m(run pid=831545)[0m # params 521463, # conv layers 36
[2m[36m(run pid=712646)[0m E0720 21:51:48.201016064  712847 chttp2_transport.cc:1103]   Received a GOAWAY with error code ENHANCE_YOUR_CALM and debug data equal to "too_many_pings"
[2m[36m(run pid=835498)[0m # params 556978, # conv layers 36
[2m[36m(run pid=709177)[0m E0720 21:52:02.804390793  709400 chttp2_transport.cc:1103]   Received a GOAWAY with error code ENHANCE_YOUR_CALM and debug data equal to "too_many_pings"
[2m[36m(run pid=842420)[0m # params 259992, # conv layers 36
[2m[36m(run pid=764090)[0m E0720 21:53:23.544810582  764378 chttp2_transport.cc:1103]   Received a GOAWAY with error code ENHANCE_YOUR_CALM and debug data equal to "too_many_pings"
[2m[36m(run pid=872506)[0m # params 566376, # conv layers 36
[2m[36m(run pid=701628)[0m E0720 21:53:28.385233523  701850 chttp2_transport.cc:1103]   Received a GOAWAY with error code ENHANCE_YOUR_CALM and debug data equal to "too_many_pings"
[2m[36m(run pid=826324)[0m # params 470258, # conv layers 36
[2m[36m(run pid=777430)[0m E0720 21:54:22.969134522  777685 chttp2_transport.cc:1103]   Received a GOAWAY with error code ENHANCE_YOUR_CALM and debug data equal to "too_many_pings"
[2m[36m(run pid=894205)[0m # params 163211, # conv layers 38
[2m[36m(run pid=739227)[0m E0720 21:54:34.693948828  739476 chttp2_transport.cc:1103]   Received a GOAWAY with error code ENHANCE_YOUR_CALM and debug data equal to "too_many_pings"
[2m[36m(run pid=852166)[0m # params 872195, # conv layers 40
[2m[36m(run pid=779897)[0m E0720 21:55:20.872849641  780121 chttp2_transport.cc:1103]   Received a GOAWAY with error code ENHANCE_YOUR_CALM and debug data equal to "too_many_pings"
[2m[36m(run pid=869596)[0m # params 530712, # conv layers 36
[2m[36m(run pid=797038)[0m E0720 21:55:24.559081973  797318 chttp2_transport.cc:1103]   Received a GOAWAY with error code ENHANCE_YOUR_CALM and debug data equal to "too_many_pings"
[2m[36m(run pid=915929)[0m # params 727358, # conv layers 38
[2m[36m(run pid=751002)[0m E0720 21:55:27.793730685  751222 chttp2_transport.cc:1103]   Received a GOAWAY with error code ENHANCE_YOUR_CALM and debug data equal to "too_many_pings"
[2m[36m(run pid=873932)[0m # params 481595, # conv layers 36
[2m[36m(run pid=751209)[0m E0720 21:55:42.942070266  751418 chttp2_transport.cc:1103]   Received a GOAWAY with error code ENHANCE_YOUR_CALM and debug data equal to "too_many_pings"
[2m[36m(run pid=880746)[0m # params 555662, # conv layers 38
[2m[36m(run pid=816468)[0m E0720 21:55:49.196516909  816690 chttp2_transport.cc:1103]   Received a GOAWAY with error code ENHANCE_YOUR_CALM and debug data equal to "too_many_pings"
[2m[36m(run pid=925330)[0m # params 662016, # conv layers 40
[2m[36m(run pid=762020)[0m E0720 21:55:54.080350290  762287 chttp2_transport.cc:1103]   Received a GOAWAY with error code ENHANCE_YOUR_CALM and debug data equal to "too_many_pings"
[2m[36m(run pid=886406)[0m # params 453432, # conv layers 38
[2m[36m(run pid=770041)[0m E0720 21:55:55.184290976  770249 chttp2_transport.cc:1103]   Received a GOAWAY with error code ENHANCE_YOUR_CALM and debug data equal to "too_many_pings"
[2m[36m(run pid=886656)[0m # params 759463, # conv layers 40
[2m[36m(run pid=746340)[0m E0720 21:56:15.930067108  746586 chttp2_transport.cc:1103]   Received a GOAWAY with error code ENHANCE_YOUR_CALM and debug data equal to "too_many_pings"
[2m[36m(run pid=897225)[0m # params 461953, # conv layers 36
[2m[36m(run pid=835498)[0m E0720 21:56:58.464330845  835736 chttp2_transport.cc:1103]   Received a GOAWAY with error code ENHANCE_YOUR_CALM and debug data equal to "too_many_pings"
[2m[36m(run pid=947909)[0m # params 543091, # conv layers 36
[2m[36m(run pid=825693)[0m E0720 21:57:01.951888629  825911 chttp2_transport.cc:1103]   Received a GOAWAY with error code ENHANCE_YOUR_CALM and debug data equal to "too_many_pings"
[2m[36m(run pid=951334)[0m # params 722962, # conv layers 38
[2m[36m(run pid=831545)[0m E0720 21:57:10.245960949  831798 chttp2_transport.cc:1103]   Received a GOAWAY with error code ENHANCE_YOUR_CALM and debug data equal to "too_many_pings"
[2m[36m(run pid=955795)[0m # params 684866, # conv layers 38
[2m[36m(run pid=842420)[0m E0720 21:57:11.254470260  842703 chttp2_transport.cc:1103]   Received a GOAWAY with error code ENHANCE_YOUR_CALM and debug data equal to "too_many_pings"
[2m[36m(run pid=956111)[0m # params 256706, # conv layers 38
[2m[36m(run pid=826324)[0m E0720 21:57:41.446949348  826574 chttp2_transport.cc:1103]   Received a GOAWAY with error code ENHANCE_YOUR_CALM and debug data equal to "too_many_pings"
[2m[36m(run pid=926342)[0m # params 432730, # conv layers 40
[2m[36m(run pid=872506)[0m E0720 21:59:08.630344610  872772 chttp2_transport.cc:1103]   Received a GOAWAY with error code ENHANCE_YOUR_CALM and debug data equal to "too_many_pings"
[2m[36m(run pid=997859)[0m # params 148654, # conv layers 36
[2m[36m(run pid=894205)[0m E0720 21:59:35.532916724  894438 chttp2_transport.cc:1103]   Received a GOAWAY with error code ENHANCE_YOUR_CALM and debug data equal to "too_many_pings"
[2m[36m(run pid=1008732)[0m # params 534504, # conv layers 36
[2m[36m(run pid=971516)[0m # params 518968, # conv layers 38
[2m[36m(run pid=869596)[0m E0720 22:00:15.687389079  869902 chttp2_transport.cc:1103]   Received a GOAWAY with error code ENHANCE_YOUR_CALM and debug data equal to "too_many_pings"
[2m[36m(run pid=979020)[0m # params 633163, # conv layers 40
[2m[36m(run pid=873932)[0m E0720 22:00:40.582448892  874214 chttp2_transport.cc:1103]   Received a GOAWAY with error code ENHANCE_YOUR_CALM and debug data equal to "too_many_pings"
[2m[36m(run pid=989137)[0m # params 628175, # conv layers 40
[2m[36m(run pid=925330)[0m E0720 22:00:58.449078805  925597 chttp2_transport.cc:1103]   Received a GOAWAY with error code ENHANCE_YOUR_CALM and debug data equal to "too_many_pings"
[2m[36m(run pid=1038169)[0m # params 922304, # conv layers 40
[2m[36m(run pid=915929)[0m E0720 22:01:01.199035846  916200 chttp2_transport.cc:1103]   Received a GOAWAY with error code ENHANCE_YOUR_CALM and debug data equal to "too_many_pings"
[2m[36m(run pid=1038861)[0m # params 541527, # conv layers 38
[2m[36m(run pid=886406)[0m E0720 22:01:14.816253325  886730 chttp2_transport.cc:1103]   Received a GOAWAY with error code ENHANCE_YOUR_CALM and debug data equal to "too_many_pings"
[2m[36m(run pid=1001973)[0m # params 377658, # conv layers 36
[2m[36m(run pid=880746)[0m E0720 22:01:32.328345849  881074 chttp2_transport.cc:1103]   Received a GOAWAY with error code ENHANCE_YOUR_CALM and debug data equal to "too_many_pings"
[2m[36m(run pid=1009771)[0m # params 517659, # conv layers 38
[2m[36m(run pid=897225)[0m E0720 22:01:54.189491193  897523 chttp2_transport.cc:1103]   Received a GOAWAY with error code ENHANCE_YOUR_CALM and debug data equal to "too_many_pings"
[2m[36m(run pid=1018321)[0m # params 423444, # conv layers 38
[2m[36m(run pid=956111)[0m E0720 22:01:58.623428928  956382 chttp2_transport.cc:1103]   Received a GOAWAY with error code ENHANCE_YOUR_CALM and debug data equal to "too_many_pings"
[2m[36m(run pid=1061995)[0m # params 585480, # conv layers 36
[2m[36m(run pid=886656)[0m E0720 22:02:20.771841597  886957 chttp2_transport.cc:1103]   Received a GOAWAY with error code ENHANCE_YOUR_CALM and debug data equal to "too_many_pings"
[2m[36m(run pid=1028721)[0m # params 690900, # conv layers 38
[2m[36m(run pid=955795)[0m E0720 22:02:31.002859198  956060 chttp2_transport.cc:1103]   Received a GOAWAY with error code ENHANCE_YOUR_CALM and debug data equal to "too_many_pings"
[2m[36m(run pid=1075340)[0m # params 570355, # conv layers 38
[2m[36m(run pid=947909)[0m E0720 22:02:32.042089684  948255 chttp2_transport.cc:1103]   Received a GOAWAY with error code ENHANCE_YOUR_CALM and debug data equal to "too_many_pings"
[2m[36m(run pid=1075718)[0m # params 471768, # conv layers 38
[2m[36m(run pid=951334)[0m E0720 22:02:59.273922105  951591 chttp2_transport.cc:1103]   Received a GOAWAY with error code ENHANCE_YOUR_CALM and debug data equal to "too_many_pings"
[2m[36m(run pid=1088822)[0m # params 681370, # conv layers 40
[2m[36m(run pid=926342)[0m E0720 22:03:32.757091382  926659 chttp2_transport.cc:1103]   Received a GOAWAY with error code ENHANCE_YOUR_CALM and debug data equal to "too_many_pings"
[2m[36m(run pid=1053461)[0m # params 543863, # conv layers 38
[2m[36m(run pid=997859)[0m E0720 22:03:49.617215118  998213 chttp2_transport.cc:1103]   Received a GOAWAY with error code ENHANCE_YOUR_CALM and debug data equal to "too_many_pings"
[2m[36m(run pid=1108099)[0m # params 872799, # conv layers 42
[2m[36m(run pid=1008732)[0m E0720 22:04:17.271589851 1009059 chttp2_transport.cc:1103]   Received a GOAWAY with error code ENHANCE_YOUR_CALM and debug data equal to "too_many_pings"
[2m[36m(run pid=1119115)[0m # params 657535, # conv layers 40
[2m[36m(run pid=979020)[0m E0720 22:04:55.294361664  979325 chttp2_transport.cc:1103]   Received a GOAWAY with error code ENHANCE_YOUR_CALM and debug data equal to "too_many_pings"
[2m[36m(run pid=1082612)[0m # params 728812, # conv layers 42
[2m[36m(run pid=971516)[0m E0720 22:05:30.223620092  971916 chttp2_transport.cc:1103]   Received a GOAWAY with error code ENHANCE_YOUR_CALM and debug data equal to "too_many_pings"
[2m[36m(run pid=1095378)[0m # params 410356, # conv layers 38
[2m[36m(run pid=1099940)[0m # params 429381, # conv layers 40
[2m[36m(run pid=1038169)[0m E0720 22:05:50.491892025 1038478 chttp2_transport.cc:1103]   Received a GOAWAY with error code ENHANCE_YOUR_CALM and debug data equal to "too_many_pings"
[2m[36m(run pid=1149641)[0m # params 628065, # conv layers 42
[2m[36m(run pid=1009771)[0m E0720 22:06:33.576893064 1010031 chttp2_transport.cc:1103]   Received a GOAWAY with error code ENHANCE_YOUR_CALM and debug data equal to "too_many_pings"
[2m[36m(run pid=1118904)[0m # params 260105, # conv layers 40
[2m[36m(run pid=1061995)[0m E0720 22:06:38.270614042 1062336 chttp2_transport.cc:1103]   Received a GOAWAY with error code ENHANCE_YOUR_CALM and debug data equal to "too_many_pings"
[2m[36m(run pid=1166072)[0m # params 448315, # conv layers 38
[2m[36m(run pid=1128779)[0m # params 569835, # conv layers 40
[2m[36m(run pid=1018321)[0m E0720 22:07:04.740363439 1018635 chttp2_transport.cc:1103]   Received a GOAWAY with error code ENHANCE_YOUR_CALM and debug data equal to "too_many_pings"
[2m[36m(run pid=1132424)[0m # params 297542, # conv layers 38
[2m[36m(run pid=1038861)[0m E0720 22:07:15.035002691 1041527 chttp2_transport.cc:1103]   Received a GOAWAY with error code ENHANCE_YOUR_CALM and debug data equal to "too_many_pings"
[2m[36m(run pid=1178585)[0m # params 316901, # conv layers 38
[2m[36m(run pid=1075340)[0m E0720 22:08:03.798736380 1075662 chttp2_transport.cc:1103]   Received a GOAWAY with error code ENHANCE_YOUR_CALM and debug data equal to "too_many_pings"
[2m[36m(run pid=1194954)[0m # params 491511, # conv layers 38
[2m[36m(run pid=1075718)[0m E0720 22:08:04.629788637 1075988 chttp2_transport.cc:1103]   Received a GOAWAY with error code ENHANCE_YOUR_CALM and debug data equal to "too_many_pings"
[2m[36m(run pid=1195152)[0m # params 296738, # conv layers 40
[2m[36m(run pid=1028721)[0m E0720 22:08:36.281646041 1029055 chttp2_transport.cc:1103]   Received a GOAWAY with error code ENHANCE_YOUR_CALM and debug data equal to "too_many_pings"
[2m[36m(run pid=1160831)[0m # params 601930, # conv layers 40
[2m[36m(run pid=1053461)[0m E0720 22:09:08.052925167 1053888 chttp2_transport.cc:1103]   Received a GOAWAY with error code ENHANCE_YOUR_CALM and debug data equal to "too_many_pings"
[2m[36m(run pid=1171804)[0m # params 568854, # conv layers 38
[2m[36m(run pid=1088822)[0m E0720 22:09:40.258694950 1089129 chttp2_transport.cc:1103]   Received a GOAWAY with error code ENHANCE_YOUR_CALM and debug data equal to "too_many_pings"
[2m[36m(run pid=1227528)[0m # params 648370, # conv layers 42
[2m[36m(run pid=1236986)[0m # params 552099, # conv layers 40
[2m[36m(run pid=1245418)[0m # params 595501, # conv layers 38
[2m[36m(run pid=1199057)[0m # params 421608, # conv layers 40
[2m[36m(run pid=1211078)[0m # params 510084, # conv layers 38
[2m[36m(run pid=1099940)[0m E0720 22:11:13.493562588 1100288 chttp2_transport.cc:1103]   Received a GOAWAY with error code ENHANCE_YOUR_CALM and debug data equal to "too_many_pings"
[2m[36m(run pid=1211884)[0m # params 600033, # conv layers 40
[2m[36m(run pid=1166072)[0m E0720 22:11:18.671104840 1166337 chttp2_transport.cc:1103]   Received a GOAWAY with error code ENHANCE_YOUR_CALM and debug data equal to "too_many_pings"
[2m[36m(run pid=1149641)[0m E0720 22:11:19.347524677 1149952 chttp2_transport.cc:1103]   Received a GOAWAY with error code ENHANCE_YOUR_CALM and debug data equal to "too_many_pings"
[2m[36m(run pid=1262861)[0m # params 269428, # conv layers 38
[2m[36m(run pid=1263034)[0m # params 901421, # conv layers 42
[2m[36m(run pid=1118904)[0m E0720 22:11:29.222848975 1119204 chttp2_transport.cc:1103]   Received a GOAWAY with error code ENHANCE_YOUR_CALM and debug data equal to "too_many_pings"
[2m[36m(run pid=1221049)[0m # params 551332, # conv layers 36
[2m[36m(run pid=1178585)[0m E0720 22:12:27.216278496 1178875 chttp2_transport.cc:1103]   Received a GOAWAY with error code ENHANCE_YOUR_CALM and debug data equal to "too_many_pings"
[2m[36m(run pid=1287369)[0m # params 723986, # conv layers 40
[2m[36m(run pid=1128779)[0m E0720 22:12:33.803629795 1129092 chttp2_transport.cc:1103]   Received a GOAWAY with error code ENHANCE_YOUR_CALM and debug data equal to "too_many_pings"
[2m[36m(run pid=1242199)[0m # params 703006, # conv layers 38
[2m[36m(run pid=1194954)[0m E0720 22:12:54.986774188 1195165 chttp2_transport.cc:1103]   Received a GOAWAY with error code ENHANCE_YOUR_CALM and debug data equal to "too_many_pings"
[2m[36m(run pid=1297258)[0m # params 583946, # conv layers 40
[2m[36m(run pid=1257472)[0m # params 522793, # conv layers 40
[2m[36m(run pid=1160831)[0m E0720 22:14:13.769298994 1161089 chttp2_transport.cc:1103]   Received a GOAWAY with error code ENHANCE_YOUR_CALM and debug data equal to "too_many_pings"
[2m[36m(run pid=1274999)[0m # params 541105, # conv layers 40
[0mTotal of 2688 seconds elapsed for process

The following have been reloaded with a version change:
  1) openmpi/openmpi-4.0.5 => openmpi/openmpi-4.1.4_ucx-1.12.1_gcc-9.4.0

1/7 stopped.
Some Ray subprcesses exited unexpectedly:
  gcs_server [exit code=0]
  ray_client_server [exit code=15]
  dashboard [exit code=15]
  raylet [exit code=0]
  log_monitor [exit code=-15]

Remaining processes will be killed.
2/7 stopped.3/7 stopped.4/7 stopped.5/7 stopped.6/7 stopped.7/7 stopped.Stopped all 7 Ray processes.
[0m[0m
Some Ray subprcesses exited unexpectedly:
  raylet [exit code=1]

Remaining processes will be killed.
[0m